05-04-18_13:41:40 (main) INFO  [DataNucleus.Persistence] - Propiedad datanucleus.autoCreateAll desconocida - vamos a ignorarla
05-04-18_14:18:23 (main) INFO  [DataNucleus.Persistence] - Propiedad datanucleus.autoCreateAll desconocida - vamos a ignorarla
05-04-18_14:21:06 (main) INFO  [DataNucleus.Enhancer] - DataNucleus Enhancer (versión 5.1.8) para el API "JDO" utilisando el JRE "{2}"
05-04-18_14:21:06 (main) INFO  [DataNucleus.Enhancer] - Escribiendo el archivo de clase "C:\softwareDesign\git\BSPQ18-E5\LetterSoup-App\Server\target\classes\es\deusto\spq\data\Soup.class" con definicion enhanced
05-04-18_14:21:06 (main) INFO  [DataNucleus.Enhancer] - ENHANCED (Persistable) : es.deusto.spq.data.Soup
05-04-18_14:21:06 (main) INFO  [DataNucleus.Enhancer] - Escribiendo el archivo de clase "C:\softwareDesign\git\BSPQ18-E5\LetterSoup-App\Server\target\classes\es\deusto\spq\data\User.class" con definicion enhanced
05-04-18_14:21:06 (main) INFO  [DataNucleus.Enhancer] - ENHANCED (Persistable) : es.deusto.spq.data.User
05-04-18_14:21:06 (main) INFO  [DataNucleus.Enhancer] - Escribiendo el archivo de clase "C:\softwareDesign\git\BSPQ18-E5\LetterSoup-App\Server\target\classes\es\deusto\spq\data\Word.class" con definicion enhanced
05-04-18_14:21:06 (main) INFO  [DataNucleus.Enhancer] - ENHANCED (Persistable) : es.deusto.spq.data.Word
05-04-18_14:21:06 (main) INFO  [DataNucleus.Enhancer] - DataNucleus Enhancer ha terminado con exito para 3 clases. Tiempos : input=329 ms, enhance=296 ms, total=625 ms. Compruebe el LOG para los detalles
05-04-18_14:39:55 (main) INFO  [DataNucleus.Persistence] - Propiedad datanucleus.autoCreateAll desconocida - vamos a ignorarla
05-04-18_14:39:57 (main) ERROR [DataNucleus.MetaData] - access denied ("java.lang.RuntimePermission" "accessDeclaredMembers")
java.security.AccessControlException: access denied ("java.lang.RuntimePermission" "accessDeclaredMembers")
	at java.security.AccessControlContext.checkPermission(AccessControlContext.java:472)
	at java.security.AccessController.checkPermission(AccessController.java:884)
	at java.lang.SecurityManager.checkPermission(SecurityManager.java:549)
	at java.lang.Class.checkMemberAccess(Class.java:2348)
	at java.lang.Class.getDeclaredFields(Class.java:1915)
	at org.datanucleus.metadata.ClassMetaData.addMetaDataForMembersNotInMetaData(ClassMetaData.java:578)
	at org.datanucleus.metadata.ClassMetaData.populate(ClassMetaData.java:184)
	at org.datanucleus.metadata.MetaDataManagerImpl$1.run(MetaDataManagerImpl.java:2867)
	at java.security.AccessController.doPrivileged(Native Method)
	at org.datanucleus.metadata.MetaDataManagerImpl.populateAbstractClassMetaData(MetaDataManagerImpl.java:2861)
	at org.datanucleus.metadata.MetaDataManagerImpl.populateFileMetaData(MetaDataManagerImpl.java:2665)
	at org.datanucleus.metadata.MetaDataManagerImpl.loadAnnotationsForClass(MetaDataManagerImpl.java:2829)
	at org.datanucleus.api.jdo.metadata.JDOMetaDataManager.loadMetaDataForClass(JDOMetaDataManager.java:387)
	at org.datanucleus.metadata.MetaDataManagerImpl.getMetaDataForClassInternal(MetaDataManagerImpl.java:1789)
	at org.datanucleus.metadata.MetaDataManagerImpl.getMetaDataForClass(MetaDataManagerImpl.java:1643)
	at org.datanucleus.api.jdo.metadata.JDOMetaDataManager$MetaDataRegisterClassListener.registerClass(JDOMetaDataManager.java:205)
	at org.datanucleus.enhancer.EnhancementHelper.registerClass(EnhancementHelper.java:187)
	at es.deusto.spq.data.Soup.<clinit>(Soup.java)
	at es.deusto.spq.dao.ManagerDAO.main(ManagerDAO.java:203)
05-04-18_14:39:57 (main) WARN  [DataNucleus.MetaData] - Listener attempted to load metadata for es.deusto.spq.data.Soup but an exception was thrown. Ignoring this class
Exception during population of metadata for es.deusto.spq.data.Soup
org.datanucleus.exceptions.NucleusUserException: Exception during population of metadata for es.deusto.spq.data.Soup
	at org.datanucleus.metadata.MetaDataManagerImpl$1.run(MetaDataManagerImpl.java:2884)
	at java.security.AccessController.doPrivileged(Native Method)
	at org.datanucleus.metadata.MetaDataManagerImpl.populateAbstractClassMetaData(MetaDataManagerImpl.java:2861)
	at org.datanucleus.metadata.MetaDataManagerImpl.populateFileMetaData(MetaDataManagerImpl.java:2665)
	at org.datanucleus.metadata.MetaDataManagerImpl.loadAnnotationsForClass(MetaDataManagerImpl.java:2829)
	at org.datanucleus.api.jdo.metadata.JDOMetaDataManager.loadMetaDataForClass(JDOMetaDataManager.java:387)
	at org.datanucleus.metadata.MetaDataManagerImpl.getMetaDataForClassInternal(MetaDataManagerImpl.java:1789)
	at org.datanucleus.metadata.MetaDataManagerImpl.getMetaDataForClass(MetaDataManagerImpl.java:1643)
	at org.datanucleus.api.jdo.metadata.JDOMetaDataManager$MetaDataRegisterClassListener.registerClass(JDOMetaDataManager.java:205)
	at org.datanucleus.enhancer.EnhancementHelper.registerClass(EnhancementHelper.java:187)
	at es.deusto.spq.data.Soup.<clinit>(Soup.java)
	at es.deusto.spq.dao.ManagerDAO.main(ManagerDAO.java:203)
Caused by: java.lang.RuntimeException: access denied ("java.lang.RuntimePermission" "accessDeclaredMembers")
	at org.datanucleus.metadata.ClassMetaData.addMetaDataForMembersNotInMetaData(ClassMetaData.java:697)
	at org.datanucleus.metadata.ClassMetaData.populate(ClassMetaData.java:184)
	at org.datanucleus.metadata.MetaDataManagerImpl$1.run(MetaDataManagerImpl.java:2867)
	... 11 more
Nested Throwables StackTrace:
java.lang.RuntimeException: access denied ("java.lang.RuntimePermission" "accessDeclaredMembers")
	at org.datanucleus.metadata.ClassMetaData.addMetaDataForMembersNotInMetaData(ClassMetaData.java:697)
	at org.datanucleus.metadata.ClassMetaData.populate(ClassMetaData.java:184)
	at org.datanucleus.metadata.MetaDataManagerImpl$1.run(MetaDataManagerImpl.java:2867)
	at java.security.AccessController.doPrivileged(Native Method)
	at org.datanucleus.metadata.MetaDataManagerImpl.populateAbstractClassMetaData(MetaDataManagerImpl.java:2861)
	at org.datanucleus.metadata.MetaDataManagerImpl.populateFileMetaData(MetaDataManagerImpl.java:2665)
	at org.datanucleus.metadata.MetaDataManagerImpl.loadAnnotationsForClass(MetaDataManagerImpl.java:2829)
	at org.datanucleus.api.jdo.metadata.JDOMetaDataManager.loadMetaDataForClass(JDOMetaDataManager.java:387)
	at org.datanucleus.metadata.MetaDataManagerImpl.getMetaDataForClassInternal(MetaDataManagerImpl.java:1789)
	at org.datanucleus.metadata.MetaDataManagerImpl.getMetaDataForClass(MetaDataManagerImpl.java:1643)
	at org.datanucleus.api.jdo.metadata.JDOMetaDataManager$MetaDataRegisterClassListener.registerClass(JDOMetaDataManager.java:205)
	at org.datanucleus.enhancer.EnhancementHelper.registerClass(EnhancementHelper.java:187)
	at es.deusto.spq.data.Soup.<clinit>(Soup.java)
	at es.deusto.spq.dao.ManagerDAO.main(ManagerDAO.java:203)
05-04-18_14:39:57 (main) ERROR [DataNucleus.MetaData] - access denied ("java.lang.RuntimePermission" "accessDeclaredMembers")
java.security.AccessControlException: access denied ("java.lang.RuntimePermission" "accessDeclaredMembers")
	at java.security.AccessControlContext.checkPermission(AccessControlContext.java:472)
	at java.security.AccessController.checkPermission(AccessController.java:884)
	at java.lang.SecurityManager.checkPermission(SecurityManager.java:549)
	at java.lang.Class.checkMemberAccess(Class.java:2348)
	at java.lang.Class.getDeclaredFields(Class.java:1915)
	at org.datanucleus.metadata.ClassMetaData.addMetaDataForMembersNotInMetaData(ClassMetaData.java:578)
	at org.datanucleus.metadata.ClassMetaData.populate(ClassMetaData.java:184)
	at org.datanucleus.metadata.MetaDataManagerImpl$1.run(MetaDataManagerImpl.java:2867)
	at java.security.AccessController.doPrivileged(Native Method)
	at org.datanucleus.metadata.MetaDataManagerImpl.populateAbstractClassMetaData(MetaDataManagerImpl.java:2861)
	at org.datanucleus.metadata.MetaDataManagerImpl.populateFileMetaData(MetaDataManagerImpl.java:2665)
	at org.datanucleus.metadata.MetaDataManagerImpl.loadAnnotationsForClass(MetaDataManagerImpl.java:2829)
	at org.datanucleus.api.jdo.metadata.JDOMetaDataManager.loadMetaDataForClass(JDOMetaDataManager.java:387)
	at org.datanucleus.metadata.MetaDataManagerImpl.getMetaDataForClassInternal(MetaDataManagerImpl.java:1789)
	at org.datanucleus.metadata.MetaDataManagerImpl.getMetaDataForClass(MetaDataManagerImpl.java:1643)
	at org.datanucleus.api.jdo.metadata.JDOMetaDataManager$MetaDataRegisterClassListener.registerClass(JDOMetaDataManager.java:205)
	at org.datanucleus.enhancer.EnhancementHelper.registerClass(EnhancementHelper.java:187)
	at es.deusto.spq.data.Word.<clinit>(Word.java)
	at es.deusto.spq.dao.ManagerDAO.main(ManagerDAO.java:204)
05-04-18_14:39:57 (main) WARN  [DataNucleus.MetaData] - Listener attempted to load metadata for es.deusto.spq.data.Word but an exception was thrown. Ignoring this class
Exception during population of metadata for es.deusto.spq.data.Word
org.datanucleus.exceptions.NucleusUserException: Exception during population of metadata for es.deusto.spq.data.Word
	at org.datanucleus.metadata.MetaDataManagerImpl$1.run(MetaDataManagerImpl.java:2884)
	at java.security.AccessController.doPrivileged(Native Method)
	at org.datanucleus.metadata.MetaDataManagerImpl.populateAbstractClassMetaData(MetaDataManagerImpl.java:2861)
	at org.datanucleus.metadata.MetaDataManagerImpl.populateFileMetaData(MetaDataManagerImpl.java:2665)
	at org.datanucleus.metadata.MetaDataManagerImpl.loadAnnotationsForClass(MetaDataManagerImpl.java:2829)
	at org.datanucleus.api.jdo.metadata.JDOMetaDataManager.loadMetaDataForClass(JDOMetaDataManager.java:387)
	at org.datanucleus.metadata.MetaDataManagerImpl.getMetaDataForClassInternal(MetaDataManagerImpl.java:1789)
	at org.datanucleus.metadata.MetaDataManagerImpl.getMetaDataForClass(MetaDataManagerImpl.java:1643)
	at org.datanucleus.api.jdo.metadata.JDOMetaDataManager$MetaDataRegisterClassListener.registerClass(JDOMetaDataManager.java:205)
	at org.datanucleus.enhancer.EnhancementHelper.registerClass(EnhancementHelper.java:187)
	at es.deusto.spq.data.Word.<clinit>(Word.java)
	at es.deusto.spq.dao.ManagerDAO.main(ManagerDAO.java:204)
Caused by: java.lang.RuntimeException: access denied ("java.lang.RuntimePermission" "accessDeclaredMembers")
	at org.datanucleus.metadata.ClassMetaData.addMetaDataForMembersNotInMetaData(ClassMetaData.java:697)
	at org.datanucleus.metadata.ClassMetaData.populate(ClassMetaData.java:184)
	at org.datanucleus.metadata.MetaDataManagerImpl$1.run(MetaDataManagerImpl.java:2867)
	... 11 more
Nested Throwables StackTrace:
java.lang.RuntimeException: access denied ("java.lang.RuntimePermission" "accessDeclaredMembers")
	at org.datanucleus.metadata.ClassMetaData.addMetaDataForMembersNotInMetaData(ClassMetaData.java:697)
	at org.datanucleus.metadata.ClassMetaData.populate(ClassMetaData.java:184)
	at org.datanucleus.metadata.MetaDataManagerImpl$1.run(MetaDataManagerImpl.java:2867)
	at java.security.AccessController.doPrivileged(Native Method)
	at org.datanucleus.metadata.MetaDataManagerImpl.populateAbstractClassMetaData(MetaDataManagerImpl.java:2861)
	at org.datanucleus.metadata.MetaDataManagerImpl.populateFileMetaData(MetaDataManagerImpl.java:2665)
	at org.datanucleus.metadata.MetaDataManagerImpl.loadAnnotationsForClass(MetaDataManagerImpl.java:2829)
	at org.datanucleus.api.jdo.metadata.JDOMetaDataManager.loadMetaDataForClass(JDOMetaDataManager.java:387)
	at org.datanucleus.metadata.MetaDataManagerImpl.getMetaDataForClassInternal(MetaDataManagerImpl.java:1789)
	at org.datanucleus.metadata.MetaDataManagerImpl.getMetaDataForClass(MetaDataManagerImpl.java:1643)
	at org.datanucleus.api.jdo.metadata.JDOMetaDataManager$MetaDataRegisterClassListener.registerClass(JDOMetaDataManager.java:205)
	at org.datanucleus.enhancer.EnhancementHelper.registerClass(EnhancementHelper.java:187)
	at es.deusto.spq.data.Word.<clinit>(Word.java)
	at es.deusto.spq.dao.ManagerDAO.main(ManagerDAO.java:204)
05-04-18_14:39:58 (main) ERROR [DataNucleus.MetaData] - access denied ("java.lang.RuntimePermission" "accessDeclaredMembers")
java.security.AccessControlException: access denied ("java.lang.RuntimePermission" "accessDeclaredMembers")
	at java.security.AccessControlContext.checkPermission(AccessControlContext.java:472)
	at java.security.AccessController.checkPermission(AccessController.java:884)
	at java.lang.SecurityManager.checkPermission(SecurityManager.java:549)
	at java.lang.Class.checkMemberAccess(Class.java:2348)
	at java.lang.Class.getDeclaredFields(Class.java:1915)
	at org.datanucleus.metadata.ClassMetaData.addMetaDataForMembersNotInMetaData(ClassMetaData.java:578)
	at org.datanucleus.metadata.ClassMetaData.populate(ClassMetaData.java:184)
	at org.datanucleus.metadata.MetaDataManagerImpl$1.run(MetaDataManagerImpl.java:2867)
	at java.security.AccessController.doPrivileged(Native Method)
	at org.datanucleus.metadata.MetaDataManagerImpl.populateAbstractClassMetaData(MetaDataManagerImpl.java:2861)
	at org.datanucleus.metadata.MetaDataManagerImpl.getMetaDataForClass(MetaDataManagerImpl.java:1653)
	at org.datanucleus.ExecutionContextImpl.hasPersistenceInformationForClass(ExecutionContextImpl.java:5550)
	at org.datanucleus.ExecutionContextImpl.assertClassPersistable(ExecutionContextImpl.java:5482)
	at org.datanucleus.ExecutionContextImpl.persistObjectInternal(ExecutionContextImpl.java:1925)
	at org.datanucleus.ExecutionContextImpl.persistObjectWork(ExecutionContextImpl.java:1868)
	at org.datanucleus.ExecutionContextImpl.persistObject(ExecutionContextImpl.java:1723)
	at org.datanucleus.api.jdo.JDOPersistenceManager.jdoMakePersistent(JDOPersistenceManager.java:712)
	at org.datanucleus.api.jdo.JDOPersistenceManager.makePersistent(JDOPersistenceManager.java:738)
	at es.deusto.spq.dao.ManagerDAO.storeObject(ManagerDAO.java:32)
	at es.deusto.spq.dao.ManagerDAO.storeSoup(ManagerDAO.java:46)
	at es.deusto.spq.dao.ManagerDAO.main(ManagerDAO.java:210)
05-04-18_14:42:12 (main) INFO  [DataNucleus.Persistence] - Propiedad datanucleus.autoCreateAll desconocida - vamos a ignorarla
05-04-18_14:42:15 (main) ERROR [DataNucleus.MetaData] - access denied ("java.lang.RuntimePermission" "accessDeclaredMembers")
java.security.AccessControlException: access denied ("java.lang.RuntimePermission" "accessDeclaredMembers")
	at java.security.AccessControlContext.checkPermission(AccessControlContext.java:472)
	at java.security.AccessController.checkPermission(AccessController.java:884)
	at java.lang.SecurityManager.checkPermission(SecurityManager.java:549)
	at java.lang.Class.checkMemberAccess(Class.java:2348)
	at java.lang.Class.getDeclaredFields(Class.java:1915)
	at org.datanucleus.metadata.ClassMetaData.addMetaDataForMembersNotInMetaData(ClassMetaData.java:578)
	at org.datanucleus.metadata.ClassMetaData.populate(ClassMetaData.java:184)
	at org.datanucleus.metadata.MetaDataManagerImpl$1.run(MetaDataManagerImpl.java:2867)
	at java.security.AccessController.doPrivileged(Native Method)
	at org.datanucleus.metadata.MetaDataManagerImpl.populateAbstractClassMetaData(MetaDataManagerImpl.java:2861)
	at org.datanucleus.metadata.MetaDataManagerImpl.populateFileMetaData(MetaDataManagerImpl.java:2665)
	at org.datanucleus.metadata.MetaDataManagerImpl.loadAnnotationsForClass(MetaDataManagerImpl.java:2829)
	at org.datanucleus.api.jdo.metadata.JDOMetaDataManager.loadMetaDataForClass(JDOMetaDataManager.java:387)
	at org.datanucleus.metadata.MetaDataManagerImpl.getMetaDataForClassInternal(MetaDataManagerImpl.java:1789)
	at org.datanucleus.metadata.MetaDataManagerImpl.getMetaDataForClass(MetaDataManagerImpl.java:1643)
	at org.datanucleus.api.jdo.metadata.JDOMetaDataManager$MetaDataRegisterClassListener.registerClass(JDOMetaDataManager.java:205)
	at org.datanucleus.enhancer.EnhancementHelper.registerClass(EnhancementHelper.java:187)
	at es.deusto.spq.data.Soup.<clinit>(Soup.java)
	at es.deusto.spq.dao.ManagerDAO.main(ManagerDAO.java:204)
05-04-18_14:42:15 (main) WARN  [DataNucleus.MetaData] - Listener attempted to load metadata for es.deusto.spq.data.Soup but an exception was thrown. Ignoring this class
Exception during population of metadata for es.deusto.spq.data.Soup
org.datanucleus.exceptions.NucleusUserException: Exception during population of metadata for es.deusto.spq.data.Soup
	at org.datanucleus.metadata.MetaDataManagerImpl$1.run(MetaDataManagerImpl.java:2884)
	at java.security.AccessController.doPrivileged(Native Method)
	at org.datanucleus.metadata.MetaDataManagerImpl.populateAbstractClassMetaData(MetaDataManagerImpl.java:2861)
	at org.datanucleus.metadata.MetaDataManagerImpl.populateFileMetaData(MetaDataManagerImpl.java:2665)
	at org.datanucleus.metadata.MetaDataManagerImpl.loadAnnotationsForClass(MetaDataManagerImpl.java:2829)
	at org.datanucleus.api.jdo.metadata.JDOMetaDataManager.loadMetaDataForClass(JDOMetaDataManager.java:387)
	at org.datanucleus.metadata.MetaDataManagerImpl.getMetaDataForClassInternal(MetaDataManagerImpl.java:1789)
	at org.datanucleus.metadata.MetaDataManagerImpl.getMetaDataForClass(MetaDataManagerImpl.java:1643)
	at org.datanucleus.api.jdo.metadata.JDOMetaDataManager$MetaDataRegisterClassListener.registerClass(JDOMetaDataManager.java:205)
	at org.datanucleus.enhancer.EnhancementHelper.registerClass(EnhancementHelper.java:187)
	at es.deusto.spq.data.Soup.<clinit>(Soup.java)
	at es.deusto.spq.dao.ManagerDAO.main(ManagerDAO.java:204)
Caused by: java.lang.RuntimeException: access denied ("java.lang.RuntimePermission" "accessDeclaredMembers")
	at org.datanucleus.metadata.ClassMetaData.addMetaDataForMembersNotInMetaData(ClassMetaData.java:697)
	at org.datanucleus.metadata.ClassMetaData.populate(ClassMetaData.java:184)
	at org.datanucleus.metadata.MetaDataManagerImpl$1.run(MetaDataManagerImpl.java:2867)
	... 11 more
Nested Throwables StackTrace:
java.lang.RuntimeException: access denied ("java.lang.RuntimePermission" "accessDeclaredMembers")
	at org.datanucleus.metadata.ClassMetaData.addMetaDataForMembersNotInMetaData(ClassMetaData.java:697)
	at org.datanucleus.metadata.ClassMetaData.populate(ClassMetaData.java:184)
	at org.datanucleus.metadata.MetaDataManagerImpl$1.run(MetaDataManagerImpl.java:2867)
	at java.security.AccessController.doPrivileged(Native Method)
	at org.datanucleus.metadata.MetaDataManagerImpl.populateAbstractClassMetaData(MetaDataManagerImpl.java:2861)
	at org.datanucleus.metadata.MetaDataManagerImpl.populateFileMetaData(MetaDataManagerImpl.java:2665)
	at org.datanucleus.metadata.MetaDataManagerImpl.loadAnnotationsForClass(MetaDataManagerImpl.java:2829)
	at org.datanucleus.api.jdo.metadata.JDOMetaDataManager.loadMetaDataForClass(JDOMetaDataManager.java:387)
	at org.datanucleus.metadata.MetaDataManagerImpl.getMetaDataForClassInternal(MetaDataManagerImpl.java:1789)
	at org.datanucleus.metadata.MetaDataManagerImpl.getMetaDataForClass(MetaDataManagerImpl.java:1643)
	at org.datanucleus.api.jdo.metadata.JDOMetaDataManager$MetaDataRegisterClassListener.registerClass(JDOMetaDataManager.java:205)
	at org.datanucleus.enhancer.EnhancementHelper.registerClass(EnhancementHelper.java:187)
	at es.deusto.spq.data.Soup.<clinit>(Soup.java)
	at es.deusto.spq.dao.ManagerDAO.main(ManagerDAO.java:204)
05-04-18_14:42:15 (main) ERROR [DataNucleus.MetaData] - access denied ("java.lang.RuntimePermission" "accessDeclaredMembers")
java.security.AccessControlException: access denied ("java.lang.RuntimePermission" "accessDeclaredMembers")
	at java.security.AccessControlContext.checkPermission(AccessControlContext.java:472)
	at java.security.AccessController.checkPermission(AccessController.java:884)
	at java.lang.SecurityManager.checkPermission(SecurityManager.java:549)
	at java.lang.Class.checkMemberAccess(Class.java:2348)
	at java.lang.Class.getDeclaredFields(Class.java:1915)
	at org.datanucleus.metadata.ClassMetaData.addMetaDataForMembersNotInMetaData(ClassMetaData.java:578)
	at org.datanucleus.metadata.ClassMetaData.populate(ClassMetaData.java:184)
	at org.datanucleus.metadata.MetaDataManagerImpl$1.run(MetaDataManagerImpl.java:2867)
	at java.security.AccessController.doPrivileged(Native Method)
	at org.datanucleus.metadata.MetaDataManagerImpl.populateAbstractClassMetaData(MetaDataManagerImpl.java:2861)
	at org.datanucleus.metadata.MetaDataManagerImpl.populateFileMetaData(MetaDataManagerImpl.java:2665)
	at org.datanucleus.metadata.MetaDataManagerImpl.loadAnnotationsForClass(MetaDataManagerImpl.java:2829)
	at org.datanucleus.api.jdo.metadata.JDOMetaDataManager.loadMetaDataForClass(JDOMetaDataManager.java:387)
	at org.datanucleus.metadata.MetaDataManagerImpl.getMetaDataForClassInternal(MetaDataManagerImpl.java:1789)
	at org.datanucleus.metadata.MetaDataManagerImpl.getMetaDataForClass(MetaDataManagerImpl.java:1643)
	at org.datanucleus.api.jdo.metadata.JDOMetaDataManager$MetaDataRegisterClassListener.registerClass(JDOMetaDataManager.java:205)
	at org.datanucleus.enhancer.EnhancementHelper.registerClass(EnhancementHelper.java:187)
	at es.deusto.spq.data.Word.<clinit>(Word.java)
	at es.deusto.spq.dao.ManagerDAO.main(ManagerDAO.java:205)
05-04-18_14:42:15 (main) WARN  [DataNucleus.MetaData] - Listener attempted to load metadata for es.deusto.spq.data.Word but an exception was thrown. Ignoring this class
Exception during population of metadata for es.deusto.spq.data.Word
org.datanucleus.exceptions.NucleusUserException: Exception during population of metadata for es.deusto.spq.data.Word
	at org.datanucleus.metadata.MetaDataManagerImpl$1.run(MetaDataManagerImpl.java:2884)
	at java.security.AccessController.doPrivileged(Native Method)
	at org.datanucleus.metadata.MetaDataManagerImpl.populateAbstractClassMetaData(MetaDataManagerImpl.java:2861)
	at org.datanucleus.metadata.MetaDataManagerImpl.populateFileMetaData(MetaDataManagerImpl.java:2665)
	at org.datanucleus.metadata.MetaDataManagerImpl.loadAnnotationsForClass(MetaDataManagerImpl.java:2829)
	at org.datanucleus.api.jdo.metadata.JDOMetaDataManager.loadMetaDataForClass(JDOMetaDataManager.java:387)
	at org.datanucleus.metadata.MetaDataManagerImpl.getMetaDataForClassInternal(MetaDataManagerImpl.java:1789)
	at org.datanucleus.metadata.MetaDataManagerImpl.getMetaDataForClass(MetaDataManagerImpl.java:1643)
	at org.datanucleus.api.jdo.metadata.JDOMetaDataManager$MetaDataRegisterClassListener.registerClass(JDOMetaDataManager.java:205)
	at org.datanucleus.enhancer.EnhancementHelper.registerClass(EnhancementHelper.java:187)
	at es.deusto.spq.data.Word.<clinit>(Word.java)
	at es.deusto.spq.dao.ManagerDAO.main(ManagerDAO.java:205)
Caused by: java.lang.RuntimeException: access denied ("java.lang.RuntimePermission" "accessDeclaredMembers")
	at org.datanucleus.metadata.ClassMetaData.addMetaDataForMembersNotInMetaData(ClassMetaData.java:697)
	at org.datanucleus.metadata.ClassMetaData.populate(ClassMetaData.java:184)
	at org.datanucleus.metadata.MetaDataManagerImpl$1.run(MetaDataManagerImpl.java:2867)
	... 11 more
Nested Throwables StackTrace:
java.lang.RuntimeException: access denied ("java.lang.RuntimePermission" "accessDeclaredMembers")
	at org.datanucleus.metadata.ClassMetaData.addMetaDataForMembersNotInMetaData(ClassMetaData.java:697)
	at org.datanucleus.metadata.ClassMetaData.populate(ClassMetaData.java:184)
	at org.datanucleus.metadata.MetaDataManagerImpl$1.run(MetaDataManagerImpl.java:2867)
	at java.security.AccessController.doPrivileged(Native Method)
	at org.datanucleus.metadata.MetaDataManagerImpl.populateAbstractClassMetaData(MetaDataManagerImpl.java:2861)
	at org.datanucleus.metadata.MetaDataManagerImpl.populateFileMetaData(MetaDataManagerImpl.java:2665)
	at org.datanucleus.metadata.MetaDataManagerImpl.loadAnnotationsForClass(MetaDataManagerImpl.java:2829)
	at org.datanucleus.api.jdo.metadata.JDOMetaDataManager.loadMetaDataForClass(JDOMetaDataManager.java:387)
	at org.datanucleus.metadata.MetaDataManagerImpl.getMetaDataForClassInternal(MetaDataManagerImpl.java:1789)
	at org.datanucleus.metadata.MetaDataManagerImpl.getMetaDataForClass(MetaDataManagerImpl.java:1643)
	at org.datanucleus.api.jdo.metadata.JDOMetaDataManager$MetaDataRegisterClassListener.registerClass(JDOMetaDataManager.java:205)
	at org.datanucleus.enhancer.EnhancementHelper.registerClass(EnhancementHelper.java:187)
	at es.deusto.spq.data.Word.<clinit>(Word.java)
	at es.deusto.spq.dao.ManagerDAO.main(ManagerDAO.java:205)
05-04-18_14:42:15 (main) ERROR [DataNucleus.MetaData] - access denied ("java.lang.RuntimePermission" "accessDeclaredMembers")
java.security.AccessControlException: access denied ("java.lang.RuntimePermission" "accessDeclaredMembers")
	at java.security.AccessControlContext.checkPermission(AccessControlContext.java:472)
	at java.security.AccessController.checkPermission(AccessController.java:884)
	at java.lang.SecurityManager.checkPermission(SecurityManager.java:549)
	at java.lang.Class.checkMemberAccess(Class.java:2348)
	at java.lang.Class.getDeclaredFields(Class.java:1915)
	at org.datanucleus.metadata.ClassMetaData.addMetaDataForMembersNotInMetaData(ClassMetaData.java:578)
	at org.datanucleus.metadata.ClassMetaData.populate(ClassMetaData.java:184)
	at org.datanucleus.metadata.MetaDataManagerImpl$1.run(MetaDataManagerImpl.java:2867)
	at java.security.AccessController.doPrivileged(Native Method)
	at org.datanucleus.metadata.MetaDataManagerImpl.populateAbstractClassMetaData(MetaDataManagerImpl.java:2861)
	at org.datanucleus.metadata.MetaDataManagerImpl.getMetaDataForClass(MetaDataManagerImpl.java:1653)
	at org.datanucleus.ExecutionContextImpl.hasPersistenceInformationForClass(ExecutionContextImpl.java:5550)
	at org.datanucleus.ExecutionContextImpl.assertClassPersistable(ExecutionContextImpl.java:5482)
	at org.datanucleus.ExecutionContextImpl.persistObjectInternal(ExecutionContextImpl.java:1925)
	at org.datanucleus.ExecutionContextImpl.persistObjectWork(ExecutionContextImpl.java:1868)
	at org.datanucleus.ExecutionContextImpl.persistObject(ExecutionContextImpl.java:1723)
	at org.datanucleus.api.jdo.JDOPersistenceManager.jdoMakePersistent(JDOPersistenceManager.java:712)
	at org.datanucleus.api.jdo.JDOPersistenceManager.makePersistent(JDOPersistenceManager.java:738)
	at es.deusto.spq.dao.ManagerDAO.storeObject(ManagerDAO.java:32)
	at es.deusto.spq.dao.ManagerDAO.storeSoup(ManagerDAO.java:47)
	at es.deusto.spq.dao.ManagerDAO.main(ManagerDAO.java:211)
05-04-18_14:47:06 (main) INFO  [DataNucleus.Persistence] - Propiedad datanucleus.autoCreateAll desconocida - vamos a ignorarla
05-04-18_14:47:09 (main) ERROR [DataNucleus.MetaData] - access denied ("java.lang.RuntimePermission" "accessDeclaredMembers")
java.security.AccessControlException: access denied ("java.lang.RuntimePermission" "accessDeclaredMembers")
	at java.security.AccessControlContext.checkPermission(AccessControlContext.java:472)
	at java.security.AccessController.checkPermission(AccessController.java:884)
	at java.lang.SecurityManager.checkPermission(SecurityManager.java:549)
	at java.lang.Class.checkMemberAccess(Class.java:2348)
	at java.lang.Class.getDeclaredFields(Class.java:1915)
	at org.datanucleus.metadata.ClassMetaData.addMetaDataForMembersNotInMetaData(ClassMetaData.java:578)
	at org.datanucleus.metadata.ClassMetaData.populate(ClassMetaData.java:184)
	at org.datanucleus.metadata.MetaDataManagerImpl$1.run(MetaDataManagerImpl.java:2867)
	at java.security.AccessController.doPrivileged(Native Method)
	at org.datanucleus.metadata.MetaDataManagerImpl.populateAbstractClassMetaData(MetaDataManagerImpl.java:2861)
	at org.datanucleus.metadata.MetaDataManagerImpl.populateFileMetaData(MetaDataManagerImpl.java:2665)
	at org.datanucleus.metadata.MetaDataManagerImpl.loadAnnotationsForClass(MetaDataManagerImpl.java:2829)
	at org.datanucleus.api.jdo.metadata.JDOMetaDataManager.loadMetaDataForClass(JDOMetaDataManager.java:387)
	at org.datanucleus.metadata.MetaDataManagerImpl.getMetaDataForClassInternal(MetaDataManagerImpl.java:1789)
	at org.datanucleus.metadata.MetaDataManagerImpl.getMetaDataForClass(MetaDataManagerImpl.java:1643)
	at org.datanucleus.api.jdo.metadata.JDOMetaDataManager$MetaDataRegisterClassListener.registerClass(JDOMetaDataManager.java:205)
	at org.datanucleus.enhancer.EnhancementHelper.registerClass(EnhancementHelper.java:187)
	at es.deusto.spq.data.Soup.<clinit>(Soup.java)
	at es.deusto.spq.dao.ManagerDAO.main(ManagerDAO.java:208)
05-04-18_14:47:09 (main) WARN  [DataNucleus.MetaData] - Listener attempted to load metadata for es.deusto.spq.data.Soup but an exception was thrown. Ignoring this class
Exception during population of metadata for es.deusto.spq.data.Soup
org.datanucleus.exceptions.NucleusUserException: Exception during population of metadata for es.deusto.spq.data.Soup
	at org.datanucleus.metadata.MetaDataManagerImpl$1.run(MetaDataManagerImpl.java:2884)
	at java.security.AccessController.doPrivileged(Native Method)
	at org.datanucleus.metadata.MetaDataManagerImpl.populateAbstractClassMetaData(MetaDataManagerImpl.java:2861)
	at org.datanucleus.metadata.MetaDataManagerImpl.populateFileMetaData(MetaDataManagerImpl.java:2665)
	at org.datanucleus.metadata.MetaDataManagerImpl.loadAnnotationsForClass(MetaDataManagerImpl.java:2829)
	at org.datanucleus.api.jdo.metadata.JDOMetaDataManager.loadMetaDataForClass(JDOMetaDataManager.java:387)
	at org.datanucleus.metadata.MetaDataManagerImpl.getMetaDataForClassInternal(MetaDataManagerImpl.java:1789)
	at org.datanucleus.metadata.MetaDataManagerImpl.getMetaDataForClass(MetaDataManagerImpl.java:1643)
	at org.datanucleus.api.jdo.metadata.JDOMetaDataManager$MetaDataRegisterClassListener.registerClass(JDOMetaDataManager.java:205)
	at org.datanucleus.enhancer.EnhancementHelper.registerClass(EnhancementHelper.java:187)
	at es.deusto.spq.data.Soup.<clinit>(Soup.java)
	at es.deusto.spq.dao.ManagerDAO.main(ManagerDAO.java:208)
Caused by: java.lang.RuntimeException: access denied ("java.lang.RuntimePermission" "accessDeclaredMembers")
	at org.datanucleus.metadata.ClassMetaData.addMetaDataForMembersNotInMetaData(ClassMetaData.java:697)
	at org.datanucleus.metadata.ClassMetaData.populate(ClassMetaData.java:184)
	at org.datanucleus.metadata.MetaDataManagerImpl$1.run(MetaDataManagerImpl.java:2867)
	... 11 more
Nested Throwables StackTrace:
java.lang.RuntimeException: access denied ("java.lang.RuntimePermission" "accessDeclaredMembers")
	at org.datanucleus.metadata.ClassMetaData.addMetaDataForMembersNotInMetaData(ClassMetaData.java:697)
	at org.datanucleus.metadata.ClassMetaData.populate(ClassMetaData.java:184)
	at org.datanucleus.metadata.MetaDataManagerImpl$1.run(MetaDataManagerImpl.java:2867)
	at java.security.AccessController.doPrivileged(Native Method)
	at org.datanucleus.metadata.MetaDataManagerImpl.populateAbstractClassMetaData(MetaDataManagerImpl.java:2861)
	at org.datanucleus.metadata.MetaDataManagerImpl.populateFileMetaData(MetaDataManagerImpl.java:2665)
	at org.datanucleus.metadata.MetaDataManagerImpl.loadAnnotationsForClass(MetaDataManagerImpl.java:2829)
	at org.datanucleus.api.jdo.metadata.JDOMetaDataManager.loadMetaDataForClass(JDOMetaDataManager.java:387)
	at org.datanucleus.metadata.MetaDataManagerImpl.getMetaDataForClassInternal(MetaDataManagerImpl.java:1789)
	at org.datanucleus.metadata.MetaDataManagerImpl.getMetaDataForClass(MetaDataManagerImpl.java:1643)
	at org.datanucleus.api.jdo.metadata.JDOMetaDataManager$MetaDataRegisterClassListener.registerClass(JDOMetaDataManager.java:205)
	at org.datanucleus.enhancer.EnhancementHelper.registerClass(EnhancementHelper.java:187)
	at es.deusto.spq.data.Soup.<clinit>(Soup.java)
	at es.deusto.spq.dao.ManagerDAO.main(ManagerDAO.java:208)
05-04-18_14:47:09 (main) ERROR [DataNucleus.MetaData] - access denied ("java.lang.RuntimePermission" "accessDeclaredMembers")
java.security.AccessControlException: access denied ("java.lang.RuntimePermission" "accessDeclaredMembers")
	at java.security.AccessControlContext.checkPermission(AccessControlContext.java:472)
	at java.security.AccessController.checkPermission(AccessController.java:884)
	at java.lang.SecurityManager.checkPermission(SecurityManager.java:549)
	at java.lang.Class.checkMemberAccess(Class.java:2348)
	at java.lang.Class.getDeclaredFields(Class.java:1915)
	at org.datanucleus.metadata.ClassMetaData.addMetaDataForMembersNotInMetaData(ClassMetaData.java:578)
	at org.datanucleus.metadata.ClassMetaData.populate(ClassMetaData.java:184)
	at org.datanucleus.metadata.MetaDataManagerImpl$1.run(MetaDataManagerImpl.java:2867)
	at java.security.AccessController.doPrivileged(Native Method)
	at org.datanucleus.metadata.MetaDataManagerImpl.populateAbstractClassMetaData(MetaDataManagerImpl.java:2861)
	at org.datanucleus.metadata.MetaDataManagerImpl.populateFileMetaData(MetaDataManagerImpl.java:2665)
	at org.datanucleus.metadata.MetaDataManagerImpl.loadAnnotationsForClass(MetaDataManagerImpl.java:2829)
	at org.datanucleus.api.jdo.metadata.JDOMetaDataManager.loadMetaDataForClass(JDOMetaDataManager.java:387)
	at org.datanucleus.metadata.MetaDataManagerImpl.getMetaDataForClassInternal(MetaDataManagerImpl.java:1789)
	at org.datanucleus.metadata.MetaDataManagerImpl.getMetaDataForClass(MetaDataManagerImpl.java:1643)
	at org.datanucleus.api.jdo.metadata.JDOMetaDataManager$MetaDataRegisterClassListener.registerClass(JDOMetaDataManager.java:205)
	at org.datanucleus.enhancer.EnhancementHelper.registerClass(EnhancementHelper.java:187)
	at es.deusto.spq.data.Word.<clinit>(Word.java)
	at es.deusto.spq.dao.ManagerDAO.main(ManagerDAO.java:209)
05-04-18_14:47:09 (main) WARN  [DataNucleus.MetaData] - Listener attempted to load metadata for es.deusto.spq.data.Word but an exception was thrown. Ignoring this class
Exception during population of metadata for es.deusto.spq.data.Word
org.datanucleus.exceptions.NucleusUserException: Exception during population of metadata for es.deusto.spq.data.Word
	at org.datanucleus.metadata.MetaDataManagerImpl$1.run(MetaDataManagerImpl.java:2884)
	at java.security.AccessController.doPrivileged(Native Method)
	at org.datanucleus.metadata.MetaDataManagerImpl.populateAbstractClassMetaData(MetaDataManagerImpl.java:2861)
	at org.datanucleus.metadata.MetaDataManagerImpl.populateFileMetaData(MetaDataManagerImpl.java:2665)
	at org.datanucleus.metadata.MetaDataManagerImpl.loadAnnotationsForClass(MetaDataManagerImpl.java:2829)
	at org.datanucleus.api.jdo.metadata.JDOMetaDataManager.loadMetaDataForClass(JDOMetaDataManager.java:387)
	at org.datanucleus.metadata.MetaDataManagerImpl.getMetaDataForClassInternal(MetaDataManagerImpl.java:1789)
	at org.datanucleus.metadata.MetaDataManagerImpl.getMetaDataForClass(MetaDataManagerImpl.java:1643)
	at org.datanucleus.api.jdo.metadata.JDOMetaDataManager$MetaDataRegisterClassListener.registerClass(JDOMetaDataManager.java:205)
	at org.datanucleus.enhancer.EnhancementHelper.registerClass(EnhancementHelper.java:187)
	at es.deusto.spq.data.Word.<clinit>(Word.java)
	at es.deusto.spq.dao.ManagerDAO.main(ManagerDAO.java:209)
Caused by: java.lang.RuntimeException: access denied ("java.lang.RuntimePermission" "accessDeclaredMembers")
	at org.datanucleus.metadata.ClassMetaData.addMetaDataForMembersNotInMetaData(ClassMetaData.java:697)
	at org.datanucleus.metadata.ClassMetaData.populate(ClassMetaData.java:184)
	at org.datanucleus.metadata.MetaDataManagerImpl$1.run(MetaDataManagerImpl.java:2867)
	... 11 more
Nested Throwables StackTrace:
java.lang.RuntimeException: access denied ("java.lang.RuntimePermission" "accessDeclaredMembers")
	at org.datanucleus.metadata.ClassMetaData.addMetaDataForMembersNotInMetaData(ClassMetaData.java:697)
	at org.datanucleus.metadata.ClassMetaData.populate(ClassMetaData.java:184)
	at org.datanucleus.metadata.MetaDataManagerImpl$1.run(MetaDataManagerImpl.java:2867)
	at java.security.AccessController.doPrivileged(Native Method)
	at org.datanucleus.metadata.MetaDataManagerImpl.populateAbstractClassMetaData(MetaDataManagerImpl.java:2861)
	at org.datanucleus.metadata.MetaDataManagerImpl.populateFileMetaData(MetaDataManagerImpl.java:2665)
	at org.datanucleus.metadata.MetaDataManagerImpl.loadAnnotationsForClass(MetaDataManagerImpl.java:2829)
	at org.datanucleus.api.jdo.metadata.JDOMetaDataManager.loadMetaDataForClass(JDOMetaDataManager.java:387)
	at org.datanucleus.metadata.MetaDataManagerImpl.getMetaDataForClassInternal(MetaDataManagerImpl.java:1789)
	at org.datanucleus.metadata.MetaDataManagerImpl.getMetaDataForClass(MetaDataManagerImpl.java:1643)
	at org.datanucleus.api.jdo.metadata.JDOMetaDataManager$MetaDataRegisterClassListener.registerClass(JDOMetaDataManager.java:205)
	at org.datanucleus.enhancer.EnhancementHelper.registerClass(EnhancementHelper.java:187)
	at es.deusto.spq.data.Word.<clinit>(Word.java)
	at es.deusto.spq.dao.ManagerDAO.main(ManagerDAO.java:209)
05-04-18_14:47:09 (main) ERROR [DataNucleus.MetaData] - access denied ("java.lang.RuntimePermission" "accessDeclaredMembers")
java.security.AccessControlException: access denied ("java.lang.RuntimePermission" "accessDeclaredMembers")
	at java.security.AccessControlContext.checkPermission(AccessControlContext.java:472)
	at java.security.AccessController.checkPermission(AccessController.java:884)
	at java.lang.SecurityManager.checkPermission(SecurityManager.java:549)
	at java.lang.Class.checkMemberAccess(Class.java:2348)
	at java.lang.Class.getDeclaredFields(Class.java:1915)
	at org.datanucleus.metadata.ClassMetaData.addMetaDataForMembersNotInMetaData(ClassMetaData.java:578)
	at org.datanucleus.metadata.ClassMetaData.populate(ClassMetaData.java:184)
	at org.datanucleus.metadata.MetaDataManagerImpl$1.run(MetaDataManagerImpl.java:2867)
	at java.security.AccessController.doPrivileged(Native Method)
	at org.datanucleus.metadata.MetaDataManagerImpl.populateAbstractClassMetaData(MetaDataManagerImpl.java:2861)
	at org.datanucleus.metadata.MetaDataManagerImpl.getMetaDataForClass(MetaDataManagerImpl.java:1653)
	at org.datanucleus.ExecutionContextImpl.hasPersistenceInformationForClass(ExecutionContextImpl.java:5550)
	at org.datanucleus.ExecutionContextImpl.assertClassPersistable(ExecutionContextImpl.java:5482)
	at org.datanucleus.ExecutionContextImpl.persistObjectInternal(ExecutionContextImpl.java:1925)
	at org.datanucleus.ExecutionContextImpl.persistObjectWork(ExecutionContextImpl.java:1868)
	at org.datanucleus.ExecutionContextImpl.persistObject(ExecutionContextImpl.java:1723)
	at org.datanucleus.api.jdo.JDOPersistenceManager.jdoMakePersistent(JDOPersistenceManager.java:712)
	at org.datanucleus.api.jdo.JDOPersistenceManager.makePersistent(JDOPersistenceManager.java:738)
	at es.deusto.spq.dao.ManagerDAO.storeObject(ManagerDAO.java:32)
	at es.deusto.spq.dao.ManagerDAO.storeWord(ManagerDAO.java:54)
	at es.deusto.spq.dao.ManagerDAO.main(ManagerDAO.java:215)
05-04-18_14:47:09 (main) ERROR [DataNucleus.MetaData] - access denied ("java.lang.RuntimePermission" "accessDeclaredMembers")
java.security.AccessControlException: access denied ("java.lang.RuntimePermission" "accessDeclaredMembers")
	at java.security.AccessControlContext.checkPermission(AccessControlContext.java:472)
	at java.security.AccessController.checkPermission(AccessController.java:884)
	at java.lang.SecurityManager.checkPermission(SecurityManager.java:549)
	at java.lang.Class.checkMemberAccess(Class.java:2348)
	at java.lang.Class.getDeclaredFields(Class.java:1915)
	at org.datanucleus.metadata.ClassMetaData.addMetaDataForMembersNotInMetaData(ClassMetaData.java:578)
	at org.datanucleus.metadata.ClassMetaData.populate(ClassMetaData.java:184)
	at org.datanucleus.metadata.MetaDataManagerImpl$1.run(MetaDataManagerImpl.java:2867)
	at java.security.AccessController.doPrivileged(Native Method)
	at org.datanucleus.metadata.MetaDataManagerImpl.populateAbstractClassMetaData(MetaDataManagerImpl.java:2861)
	at org.datanucleus.metadata.MetaDataManagerImpl.getMetaDataForClass(MetaDataManagerImpl.java:1653)
	at org.datanucleus.ExecutionContextImpl.hasPersistenceInformationForClass(ExecutionContextImpl.java:5550)
	at org.datanucleus.ExecutionContextImpl.assertClassPersistable(ExecutionContextImpl.java:5482)
	at org.datanucleus.ExecutionContextImpl.persistObjectInternal(ExecutionContextImpl.java:1925)
	at org.datanucleus.ExecutionContextImpl.persistObjectWork(ExecutionContextImpl.java:1868)
	at org.datanucleus.ExecutionContextImpl.persistObject(ExecutionContextImpl.java:1723)
	at org.datanucleus.api.jdo.JDOPersistenceManager.jdoMakePersistent(JDOPersistenceManager.java:712)
	at org.datanucleus.api.jdo.JDOPersistenceManager.makePersistent(JDOPersistenceManager.java:738)
	at es.deusto.spq.dao.ManagerDAO.storeObject(ManagerDAO.java:32)
	at es.deusto.spq.dao.ManagerDAO.storeSoup(ManagerDAO.java:47)
	at es.deusto.spq.dao.ManagerDAO.main(ManagerDAO.java:216)
05-04-18_14:58:15 (main) INFO  [DataNucleus.Enhancer] - DataNucleus Enhancer (versión 5.1.8) para el API "JDO" utilisando el JRE "{2}"
05-04-18_14:58:16 (main) INFO  [DataNucleus.Enhancer] - La clase "es.deusto.spq.data.Soup" esta enhanced.
05-04-18_14:58:16 (main) INFO  [DataNucleus.Enhancer] - ENHANCED (Persistable) : es.deusto.spq.data.Soup
05-04-18_14:58:16 (main) INFO  [DataNucleus.Enhancer] - La clase "es.deusto.spq.data.User" esta enhanced.
05-04-18_14:58:16 (main) INFO  [DataNucleus.Enhancer] - ENHANCED (Persistable) : es.deusto.spq.data.User
05-04-18_14:58:16 (main) INFO  [DataNucleus.Enhancer] - La clase "es.deusto.spq.data.Word" esta enhanced.
05-04-18_14:58:16 (main) INFO  [DataNucleus.Enhancer] - ENHANCED (Persistable) : es.deusto.spq.data.Word
05-04-18_14:58:16 (main) INFO  [DataNucleus.Enhancer] - DataNucleus Enhancer ha terminado con exito para 3 clases. Tiempos : input=344 ms, enhance=78 ms, total=422 ms. Compruebe el LOG para los detalles
05-04-18_15:13:46 (es.deusto.spq.dao.ManagerDAO.main()) INFO  [DataNucleus.Persistence] - Propiedad datanucleus.autoCreateAll desconocida - vamos a ignorarla
05-04-18_15:13:49 (es.deusto.spq.dao.ManagerDAO.main()) WARN  [DataNucleus.Datastore.Persist] - Persistencia del objeto "es.deusto.spq.data.Soup@420d2d1b" con SQL "INSERT INTO `SOUP` (`CONTENT`,`SIZE`,`SOUP_ID`) VALUES (?,?,?)" ha tirado un error : Duplicate entry '1' for key 'PRIMARY'
05-04-18_16:35:13 (main) INFO  [DataNucleus.Enhancer] - DataNucleus Enhancer (versión 5.1.8) para el API "JDO" utilisando el JRE "{2}"
05-04-18_16:35:14 (main) INFO  [DataNucleus.Enhancer] - La clase "es.deusto.spq.data.Soup" esta enhanced.
05-04-18_16:35:14 (main) INFO  [DataNucleus.Enhancer] - ENHANCED (Persistable) : es.deusto.spq.data.Soup
05-04-18_16:35:14 (main) INFO  [DataNucleus.Enhancer] - La clase "es.deusto.spq.data.User" esta enhanced.
05-04-18_16:35:14 (main) INFO  [DataNucleus.Enhancer] - ENHANCED (Persistable) : es.deusto.spq.data.User
05-04-18_16:35:14 (main) INFO  [DataNucleus.Enhancer] - La clase "es.deusto.spq.data.Word" esta enhanced.
05-04-18_16:35:14 (main) INFO  [DataNucleus.Enhancer] - ENHANCED (Persistable) : es.deusto.spq.data.Word
05-04-18_16:35:14 (main) INFO  [DataNucleus.Enhancer] - DataNucleus Enhancer ha terminado con exito para 3 clases. Tiempos : input=563 ms, enhance=109 ms, total=672 ms. Compruebe el LOG para los detalles
05-04-18_16:35:54 (es.deusto.spq.dao.ManagerDAO.main()) INFO  [DataNucleus.Persistence] - Propiedad datanucleus.autoCreateAll desconocida - vamos a ignorarla
05-04-18_16:35:56 (es.deusto.spq.dao.ManagerDAO.main()) ERROR [DataNucleus.Datastore.Schema] - La inicialización del base de datos ha fallado.
Access denied for user 'sd'@'%' to database 'lettersoupdb'
org.datanucleus.exceptions.NucleusDataStoreException: Access denied for user 'sd'@'%' to database 'lettersoupdb'
	at org.datanucleus.store.rdbms.ConnectionFactoryImpl$ManagedConnectionImpl.getConnection(ConnectionFactoryImpl.java:518)
	at org.datanucleus.store.rdbms.RDBMSStoreManager.<init>(RDBMSStoreManager.java:290)
	at sun.reflect.NativeConstructorAccessorImpl.newInstance0(Native Method)
	at sun.reflect.NativeConstructorAccessorImpl.newInstance(NativeConstructorAccessorImpl.java:62)
	at sun.reflect.DelegatingConstructorAccessorImpl.newInstance(DelegatingConstructorAccessorImpl.java:45)
	at java.lang.reflect.Constructor.newInstance(Constructor.java:423)
	at org.datanucleus.plugin.NonManagedPluginRegistry.createExecutableExtension(NonManagedPluginRegistry.java:626)
	at org.datanucleus.plugin.PluginManager.createExecutableExtension(PluginManager.java:295)
	at org.datanucleus.NucleusContextHelper.createStoreManagerForProperties(NucleusContextHelper.java:140)
	at org.datanucleus.PersistenceNucleusContextImpl.initialise(PersistenceNucleusContextImpl.java:445)
	at org.datanucleus.api.jdo.JDOPersistenceManagerFactory.freezeConfiguration(JDOPersistenceManagerFactory.java:855)
	at org.datanucleus.api.jdo.JDOPersistenceManagerFactory.createPersistenceManagerFactory(JDOPersistenceManagerFactory.java:346)
	at org.datanucleus.api.jdo.JDOPersistenceManagerFactory.getPersistenceManagerFactory(JDOPersistenceManagerFactory.java:225)
	at sun.reflect.NativeMethodAccessorImpl.invoke0(Native Method)
	at sun.reflect.NativeMethodAccessorImpl.invoke(NativeMethodAccessorImpl.java:62)
	at sun.reflect.DelegatingMethodAccessorImpl.invoke(DelegatingMethodAccessorImpl.java:43)
	at java.lang.reflect.Method.invoke(Method.java:498)
	at javax.jdo.JDOHelper$16.run(JDOHelper.java:1975)
	at java.security.AccessController.doPrivileged(Native Method)
	at javax.jdo.JDOHelper.invoke(JDOHelper.java:1970)
	at javax.jdo.JDOHelper.invokeGetPersistenceManagerFactoryOnImplementation(JDOHelper.java:1177)
	at javax.jdo.JDOHelper.getPersistenceManagerFactory(JDOHelper.java:814)
	at javax.jdo.JDOHelper.getPersistenceManagerFactory(JDOHelper.java:1093)
	at javax.jdo.JDOHelper.getPersistenceManagerFactory(JDOHelper.java:924)
	at es.deusto.spq.dao.ManagerDAO.<init>(ManagerDAO.java:24)
	at es.deusto.spq.dao.ManagerDAO.main(ManagerDAO.java:202)
	at sun.reflect.NativeMethodAccessorImpl.invoke0(Native Method)
	at sun.reflect.NativeMethodAccessorImpl.invoke(NativeMethodAccessorImpl.java:62)
	at sun.reflect.DelegatingMethodAccessorImpl.invoke(DelegatingMethodAccessorImpl.java:43)
	at java.lang.reflect.Method.invoke(Method.java:498)
	at org.codehaus.mojo.exec.ExecJavaMojo$1.run(ExecJavaMojo.java:297)
	at java.lang.Thread.run(Thread.java:748)
Caused by: com.mysql.jdbc.exceptions.jdbc4.MySQLSyntaxErrorException: Access denied for user 'sd'@'%' to database 'lettersoupdb'
	at sun.reflect.NativeConstructorAccessorImpl.newInstance0(Native Method)
	at sun.reflect.NativeConstructorAccessorImpl.newInstance(NativeConstructorAccessorImpl.java:62)
	at sun.reflect.DelegatingConstructorAccessorImpl.newInstance(DelegatingConstructorAccessorImpl.java:45)
	at java.lang.reflect.Constructor.newInstance(Constructor.java:423)
	at com.mysql.jdbc.Util.handleNewInstance(Util.java:425)
	at com.mysql.jdbc.Util.getInstance(Util.java:408)
	at com.mysql.jdbc.SQLError.createSQLException(SQLError.java:943)
	at com.mysql.jdbc.MysqlIO.checkErrorPacket(MysqlIO.java:3973)
	at com.mysql.jdbc.MysqlIO.checkErrorPacket(MysqlIO.java:3909)
	at com.mysql.jdbc.MysqlIO.checkErrorPacket(MysqlIO.java:873)
	at com.mysql.jdbc.MysqlIO.proceedHandshakeWithPluggableAuthentication(MysqlIO.java:1710)
	at com.mysql.jdbc.MysqlIO.doHandshake(MysqlIO.java:1226)
	at com.mysql.jdbc.ConnectionImpl.coreConnect(ConnectionImpl.java:2205)
	at com.mysql.jdbc.ConnectionImpl.connectOneTryOnly(ConnectionImpl.java:2236)
	at com.mysql.jdbc.ConnectionImpl.createNewIO(ConnectionImpl.java:2035)
	at com.mysql.jdbc.ConnectionImpl.<init>(ConnectionImpl.java:790)
	at com.mysql.jdbc.JDBC4Connection.<init>(JDBC4Connection.java:47)
	at sun.reflect.NativeConstructorAccessorImpl.newInstance0(Native Method)
	at sun.reflect.NativeConstructorAccessorImpl.newInstance(NativeConstructorAccessorImpl.java:62)
	at sun.reflect.DelegatingConstructorAccessorImpl.newInstance(DelegatingConstructorAccessorImpl.java:45)
	at java.lang.reflect.Constructor.newInstance(Constructor.java:423)
	at com.mysql.jdbc.Util.handleNewInstance(Util.java:425)
	at com.mysql.jdbc.ConnectionImpl.getInstance(ConnectionImpl.java:400)
	at com.mysql.jdbc.NonRegisteringDriver.connect(NonRegisteringDriver.java:330)
	at java.sql.DriverManager.getConnection(DriverManager.java:664)
	at java.sql.DriverManager.getConnection(DriverManager.java:208)
	at org.datanucleus.store.rdbms.datasource.dbcp2.DriverManagerConnectionFactory.createConnection(DriverManagerConnectionFactory.java:79)
	at org.datanucleus.store.rdbms.datasource.dbcp2.PoolableConnectionFactory.makeObject(PoolableConnectionFactory.java:254)
	at org.datanucleus.store.rdbms.datasource.dbcp2.pool2.impl.GenericObjectPool.create(GenericObjectPool.java:864)
	at org.datanucleus.store.rdbms.datasource.dbcp2.pool2.impl.GenericObjectPool.borrowObject(GenericObjectPool.java:434)
	at org.datanucleus.store.rdbms.datasource.dbcp2.pool2.impl.GenericObjectPool.borrowObject(GenericObjectPool.java:362)
	at org.datanucleus.store.rdbms.datasource.dbcp2.PoolingDataSource.getConnection(PoolingDataSource.java:132)
	at org.datanucleus.store.rdbms.ConnectionFactoryImpl$ManagedConnectionImpl.getConnection(ConnectionFactoryImpl.java:501)
	... 31 more
Nested Throwables StackTrace:
com.mysql.jdbc.exceptions.jdbc4.MySQLSyntaxErrorException: Access denied for user 'sd'@'%' to database 'lettersoupdb'
	at sun.reflect.NativeConstructorAccessorImpl.newInstance0(Native Method)
	at sun.reflect.NativeConstructorAccessorImpl.newInstance(NativeConstructorAccessorImpl.java:62)
	at sun.reflect.DelegatingConstructorAccessorImpl.newInstance(DelegatingConstructorAccessorImpl.java:45)
	at java.lang.reflect.Constructor.newInstance(Constructor.java:423)
	at com.mysql.jdbc.Util.handleNewInstance(Util.java:425)
	at com.mysql.jdbc.Util.getInstance(Util.java:408)
	at com.mysql.jdbc.SQLError.createSQLException(SQLError.java:943)
	at com.mysql.jdbc.MysqlIO.checkErrorPacket(MysqlIO.java:3973)
	at com.mysql.jdbc.MysqlIO.checkErrorPacket(MysqlIO.java:3909)
	at com.mysql.jdbc.MysqlIO.checkErrorPacket(MysqlIO.java:873)
	at com.mysql.jdbc.MysqlIO.proceedHandshakeWithPluggableAuthentication(MysqlIO.java:1710)
	at com.mysql.jdbc.MysqlIO.doHandshake(MysqlIO.java:1226)
	at com.mysql.jdbc.ConnectionImpl.coreConnect(ConnectionImpl.java:2205)
	at com.mysql.jdbc.ConnectionImpl.connectOneTryOnly(ConnectionImpl.java:2236)
	at com.mysql.jdbc.ConnectionImpl.createNewIO(ConnectionImpl.java:2035)
	at com.mysql.jdbc.ConnectionImpl.<init>(ConnectionImpl.java:790)
	at com.mysql.jdbc.JDBC4Connection.<init>(JDBC4Connection.java:47)
	at sun.reflect.NativeConstructorAccessorImpl.newInstance0(Native Method)
	at sun.reflect.NativeConstructorAccessorImpl.newInstance(NativeConstructorAccessorImpl.java:62)
	at sun.reflect.DelegatingConstructorAccessorImpl.newInstance(DelegatingConstructorAccessorImpl.java:45)
	at java.lang.reflect.Constructor.newInstance(Constructor.java:423)
	at com.mysql.jdbc.Util.handleNewInstance(Util.java:425)
	at com.mysql.jdbc.ConnectionImpl.getInstance(ConnectionImpl.java:400)
	at com.mysql.jdbc.NonRegisteringDriver.connect(NonRegisteringDriver.java:330)
	at java.sql.DriverManager.getConnection(DriverManager.java:664)
	at java.sql.DriverManager.getConnection(DriverManager.java:208)
	at org.datanucleus.store.rdbms.datasource.dbcp2.DriverManagerConnectionFactory.createConnection(DriverManagerConnectionFactory.java:79)
	at org.datanucleus.store.rdbms.datasource.dbcp2.PoolableConnectionFactory.makeObject(PoolableConnectionFactory.java:254)
	at org.datanucleus.store.rdbms.datasource.dbcp2.pool2.impl.GenericObjectPool.create(GenericObjectPool.java:864)
	at org.datanucleus.store.rdbms.datasource.dbcp2.pool2.impl.GenericObjectPool.borrowObject(GenericObjectPool.java:434)
	at org.datanucleus.store.rdbms.datasource.dbcp2.pool2.impl.GenericObjectPool.borrowObject(GenericObjectPool.java:362)
	at org.datanucleus.store.rdbms.datasource.dbcp2.PoolingDataSource.getConnection(PoolingDataSource.java:132)
	at org.datanucleus.store.rdbms.ConnectionFactoryImpl$ManagedConnectionImpl.getConnection(ConnectionFactoryImpl.java:501)
	at org.datanucleus.store.rdbms.RDBMSStoreManager.<init>(RDBMSStoreManager.java:290)
	at sun.reflect.NativeConstructorAccessorImpl.newInstance0(Native Method)
	at sun.reflect.NativeConstructorAccessorImpl.newInstance(NativeConstructorAccessorImpl.java:62)
	at sun.reflect.DelegatingConstructorAccessorImpl.newInstance(DelegatingConstructorAccessorImpl.java:45)
	at java.lang.reflect.Constructor.newInstance(Constructor.java:423)
	at org.datanucleus.plugin.NonManagedPluginRegistry.createExecutableExtension(NonManagedPluginRegistry.java:626)
	at org.datanucleus.plugin.PluginManager.createExecutableExtension(PluginManager.java:295)
	at org.datanucleus.NucleusContextHelper.createStoreManagerForProperties(NucleusContextHelper.java:140)
	at org.datanucleus.PersistenceNucleusContextImpl.initialise(PersistenceNucleusContextImpl.java:445)
	at org.datanucleus.api.jdo.JDOPersistenceManagerFactory.freezeConfiguration(JDOPersistenceManagerFactory.java:855)
	at org.datanucleus.api.jdo.JDOPersistenceManagerFactory.createPersistenceManagerFactory(JDOPersistenceManagerFactory.java:346)
	at org.datanucleus.api.jdo.JDOPersistenceManagerFactory.getPersistenceManagerFactory(JDOPersistenceManagerFactory.java:225)
	at sun.reflect.NativeMethodAccessorImpl.invoke0(Native Method)
	at sun.reflect.NativeMethodAccessorImpl.invoke(NativeMethodAccessorImpl.java:62)
	at sun.reflect.DelegatingMethodAccessorImpl.invoke(DelegatingMethodAccessorImpl.java:43)
	at java.lang.reflect.Method.invoke(Method.java:498)
	at javax.jdo.JDOHelper$16.run(JDOHelper.java:1975)
	at java.security.AccessController.doPrivileged(Native Method)
	at javax.jdo.JDOHelper.invoke(JDOHelper.java:1970)
	at javax.jdo.JDOHelper.invokeGetPersistenceManagerFactoryOnImplementation(JDOHelper.java:1177)
	at javax.jdo.JDOHelper.getPersistenceManagerFactory(JDOHelper.java:814)
	at javax.jdo.JDOHelper.getPersistenceManagerFactory(JDOHelper.java:1093)
	at javax.jdo.JDOHelper.getPersistenceManagerFactory(JDOHelper.java:924)
	at es.deusto.spq.dao.ManagerDAO.<init>(ManagerDAO.java:24)
	at es.deusto.spq.dao.ManagerDAO.main(ManagerDAO.java:202)
	at sun.reflect.NativeMethodAccessorImpl.invoke0(Native Method)
	at sun.reflect.NativeMethodAccessorImpl.invoke(NativeMethodAccessorImpl.java:62)
	at sun.reflect.DelegatingMethodAccessorImpl.invoke(DelegatingMethodAccessorImpl.java:43)
	at java.lang.reflect.Method.invoke(Method.java:498)
	at org.codehaus.mojo.exec.ExecJavaMojo$1.run(ExecJavaMojo.java:297)
	at java.lang.Thread.run(Thread.java:748)
05-04-18_16:35:56 (es.deusto.spq.dao.ManagerDAO.main()) ERROR [DataNucleus.Datastore] - Exception thrown creating StoreManager : Access denied for user 'sd'@'%' to database 'lettersoupdb'
05-04-18_16:39:49 (main) INFO  [DataNucleus.Enhancer] - DataNucleus Enhancer (versión 5.1.8) para el API "JDO" utilisando el JRE "{2}"
05-04-18_16:39:50 (main) INFO  [DataNucleus.Enhancer] - La clase "es.deusto.spq.data.Soup" esta enhanced.
05-04-18_16:39:50 (main) INFO  [DataNucleus.Enhancer] - ENHANCED (Persistable) : es.deusto.spq.data.Soup
05-04-18_16:39:50 (main) INFO  [DataNucleus.Enhancer] - La clase "es.deusto.spq.data.User" esta enhanced.
05-04-18_16:39:50 (main) INFO  [DataNucleus.Enhancer] - ENHANCED (Persistable) : es.deusto.spq.data.User
05-04-18_16:39:50 (main) INFO  [DataNucleus.Enhancer] - La clase "es.deusto.spq.data.Word" esta enhanced.
05-04-18_16:39:50 (main) INFO  [DataNucleus.Enhancer] - ENHANCED (Persistable) : es.deusto.spq.data.Word
05-04-18_16:39:50 (main) INFO  [DataNucleus.Enhancer] - DataNucleus Enhancer ha terminado con exito para 3 clases. Tiempos : input=359 ms, enhance=94 ms, total=453 ms. Compruebe el LOG para los detalles
05-04-18_16:40:05 (es.deusto.spq.dao.ManagerDAO.main()) INFO  [DataNucleus.Persistence] - Propiedad datanucleus.autoCreateAll desconocida - vamos a ignorarla
05-04-18_16:40:10 (es.deusto.spq.dao.ManagerDAO.main()) WARN  [DataNucleus.Datastore.Persist] - Persistencia del objeto "es.deusto.spq.data.Soup@7eee8c7b" con SQL "INSERT INTO `SOUP` (`CONTENT`,`SIZE`,`SOUP_ID`) VALUES (?,?,?)" ha tirado un error : Duplicate entry '1' for key 'PRIMARY'
05-04-18_16:41:49 (main) INFO  [DataNucleus.Enhancer] - DataNucleus Enhancer (versión 5.1.8) para el API "JDO" utilisando el JRE "{2}"
05-04-18_16:41:50 (main) INFO  [DataNucleus.Enhancer] - La clase "es.deusto.spq.data.Soup" esta enhanced.
05-04-18_16:41:50 (main) INFO  [DataNucleus.Enhancer] - ENHANCED (Persistable) : es.deusto.spq.data.Soup
05-04-18_16:41:50 (main) INFO  [DataNucleus.Enhancer] - La clase "es.deusto.spq.data.User" esta enhanced.
05-04-18_16:41:50 (main) INFO  [DataNucleus.Enhancer] - ENHANCED (Persistable) : es.deusto.spq.data.User
05-04-18_16:41:50 (main) INFO  [DataNucleus.Enhancer] - La clase "es.deusto.spq.data.Word" esta enhanced.
05-04-18_16:41:50 (main) INFO  [DataNucleus.Enhancer] - ENHANCED (Persistable) : es.deusto.spq.data.Word
05-04-18_16:41:50 (main) INFO  [DataNucleus.Enhancer] - DataNucleus Enhancer ha terminado con exito para 3 clases. Tiempos : input=375 ms, enhance=94 ms, total=469 ms. Compruebe el LOG para los detalles
05-04-18_16:42:07 (es.deusto.spq.dao.ManagerDAO.main()) INFO  [DataNucleus.Persistence] - Propiedad datanucleus.autoCreateAll desconocida - vamos a ignorarla
05-04-18_16:42:12 (es.deusto.spq.dao.ManagerDAO.main()) WARN  [DataNucleus.Datastore.Persist] - Persistencia del objeto "es.deusto.spq.data.Soup@5f5cd985" con SQL "INSERT INTO `SOUP` (`CONTENT`,`SIZE`,`SOUP_ID`) VALUES (?,?,?)" ha tirado un error : Duplicate entry '1' for key 'PRIMARY'
05-04-18_16:44:30 (main) INFO  [DataNucleus.Enhancer] - DataNucleus Enhancer (versión 5.1.8) para el API "JDO" utilisando el JRE "{2}"
05-04-18_16:44:31 (main) INFO  [DataNucleus.Enhancer] - La clase "es.deusto.spq.data.Soup" esta enhanced.
05-04-18_16:44:31 (main) INFO  [DataNucleus.Enhancer] - ENHANCED (Persistable) : es.deusto.spq.data.Soup
05-04-18_16:44:31 (main) INFO  [DataNucleus.Enhancer] - La clase "es.deusto.spq.data.User" esta enhanced.
05-04-18_16:44:31 (main) INFO  [DataNucleus.Enhancer] - ENHANCED (Persistable) : es.deusto.spq.data.User
05-04-18_16:44:31 (main) INFO  [DataNucleus.Enhancer] - La clase "es.deusto.spq.data.Word" esta enhanced.
05-04-18_16:44:31 (main) INFO  [DataNucleus.Enhancer] - ENHANCED (Persistable) : es.deusto.spq.data.Word
05-04-18_16:44:31 (main) INFO  [DataNucleus.Enhancer] - DataNucleus Enhancer ha terminado con exito para 3 clases. Tiempos : input=344 ms, enhance=94 ms, total=438 ms. Compruebe el LOG para los detalles
05-04-18_16:44:42 (es.deusto.spq.dao.ManagerDAO.main()) INFO  [DataNucleus.Persistence] - Propiedad datanucleus.autoCreateAll desconocida - vamos a ignorarla
05-04-18_16:44:47 (es.deusto.spq.dao.ManagerDAO.main()) WARN  [DataNucleus.Datastore.Persist] - Persistencia del objeto "es.deusto.spq.data.Soup@28c71797" con SQL "INSERT INTO `SOUP` (`CONTENT`,`SIZE`,`SOUP_ID`) VALUES (?,?,?)" ha tirado un error : Duplicate entry '1' for key 'PRIMARY'
